{"/home/joao-maia/Desktop/Api Restful Crud N3/models/Person.js": {"path":"/home/joao-maia/Desktop/Api Restful Crud N3/models/Person.js","statementMap":{"0":{"start":{"line":1,"column":17},"end":{"line":1,"column":36}},"1":{"start":{"line":3,"column":15},"end":{"line":7,"column":2}},"2":{"start":{"line":9,"column":0},"end":{"line":9,"column":24}}},"fnMap":{},"branchMap":{},"s":{"0":1,"1":1,"2":1},"f":{},"b":{},"_coverageSchema":"1a1c01bbd47fc00a2c39e90264f33305004495a9","hash":"bed3f0946859b525cbbdf8887f2d0e0a9d5af4ca"}
,"/home/joao-maia/Desktop/Api Restful Crud N3/routes/personRoutes.js": {"path":"/home/joao-maia/Desktop/Api Restful Crud N3/routes/personRoutes.js","statementMap":{"0":{"start":{"line":1,"column":15},"end":{"line":1,"column":42}},"1":{"start":{"line":3,"column":15},"end":{"line":3,"column":42}},"2":{"start":{"line":7,"column":0},"end":{"line":30,"column":3}},"3":{"start":{"line":10,"column":39},"end":{"line":10,"column":47}},"4":{"start":{"line":12,"column":4},"end":{"line":15,"column":5}},"5":{"start":{"line":13,"column":8},"end":{"line":13,"column":65}},"6":{"start":{"line":14,"column":8},"end":{"line":14,"column":15}},"7":{"start":{"line":17,"column":19},"end":{"line":21,"column":5}},"8":{"start":{"line":23,"column":4},"end":{"line":29,"column":5}},"9":{"start":{"line":25,"column":8},"end":{"line":25,"column":36}},"10":{"start":{"line":26,"column":8},"end":{"line":26,"column":74}},"11":{"start":{"line":28,"column":8},"end":{"line":28,"column":47}},"12":{"start":{"line":34,"column":0},"end":{"line":42,"column":3}},"13":{"start":{"line":35,"column":4},"end":{"line":41,"column":5}},"14":{"start":{"line":36,"column":23},"end":{"line":36,"column":42}},"15":{"start":{"line":37,"column":8},"end":{"line":37,"column":37}},"16":{"start":{"line":40,"column":8},"end":{"line":40,"column":47}},"17":{"start":{"line":44,"column":0},"end":{"line":63,"column":3}},"18":{"start":{"line":47,"column":15},"end":{"line":47,"column":28}},"19":{"start":{"line":49,"column":4},"end":{"line":61,"column":5}},"20":{"start":{"line":50,"column":23},"end":{"line":50,"column":56}},"21":{"start":{"line":52,"column":8},"end":{"line":55,"column":9}},"22":{"start":{"line":53,"column":12},"end":{"line":53,"column":72}},"23":{"start":{"line":54,"column":12},"end":{"line":54,"column":19}},"24":{"start":{"line":57,"column":8},"end":{"line":57,"column":37}},"25":{"start":{"line":60,"column":8},"end":{"line":60,"column":47}},"26":{"start":{"line":67,"column":0},"end":{"line":96,"column":3}},"27":{"start":{"line":68,"column":15},"end":{"line":68,"column":28}},"28":{"start":{"line":70,"column":39},"end":{"line":70,"column":47}},"29":{"start":{"line":72,"column":19},"end":{"line":76,"column":5}},"30":{"start":{"line":78,"column":4},"end":{"line":81,"column":5}},"31":{"start":{"line":79,"column":8},"end":{"line":79,"column":65}},"32":{"start":{"line":80,"column":8},"end":{"line":80,"column":15}},"33":{"start":{"line":83,"column":4},"end":{"line":95,"column":5}},"34":{"start":{"line":84,"column":30},"end":{"line":84,"column":73}},"35":{"start":{"line":86,"column":8},"end":{"line":89,"column":9}},"36":{"start":{"line":87,"column":12},"end":{"line":87,"column":72}},"37":{"start":{"line":88,"column":12},"end":{"line":88,"column":19}},"38":{"start":{"line":91,"column":8},"end":{"line":91,"column":37}},"39":{"start":{"line":94,"column":8},"end":{"line":94,"column":47}},"40":{"start":{"line":100,"column":0},"end":{"line":120,"column":3}},"41":{"start":{"line":102,"column":15},"end":{"line":102,"column":28}},"42":{"start":{"line":104,"column":19},"end":{"line":104,"column":52}},"43":{"start":{"line":106,"column":4},"end":{"line":109,"column":5}},"44":{"start":{"line":107,"column":8},"end":{"line":107,"column":68}},"45":{"start":{"line":108,"column":8},"end":{"line":108,"column":15}},"46":{"start":{"line":111,"column":4},"end":{"line":118,"column":5}},"47":{"start":{"line":113,"column":8},"end":{"line":113,"column":44}},"48":{"start":{"line":114,"column":8},"end":{"line":114,"column":74}},"49":{"start":{"line":117,"column":8},"end":{"line":117,"column":47}},"50":{"start":{"line":122,"column":0},"end":{"line":122,"column":24}}},"fnMap":{"0":{"name":"(anonymous_0)","decl":{"start":{"line":7,"column":17},"end":{"line":7,"column":18}},"loc":{"start":{"line":7,"column":37},"end":{"line":30,"column":1}},"line":7},"1":{"name":"(anonymous_1)","decl":{"start":{"line":34,"column":16},"end":{"line":34,"column":17}},"loc":{"start":{"line":34,"column":36},"end":{"line":42,"column":1}},"line":34},"2":{"name":"(anonymous_2)","decl":{"start":{"line":44,"column":19},"end":{"line":44,"column":20}},"loc":{"start":{"line":44,"column":39},"end":{"line":63,"column":1}},"line":44},"3":{"name":"(anonymous_3)","decl":{"start":{"line":67,"column":21},"end":{"line":67,"column":22}},"loc":{"start":{"line":67,"column":41},"end":{"line":96,"column":1}},"line":67},"4":{"name":"(anonymous_4)","decl":{"start":{"line":100,"column":22},"end":{"line":100,"column":23}},"loc":{"start":{"line":100,"column":42},"end":{"line":120,"column":1}},"line":100}},"branchMap":{"0":{"loc":{"start":{"line":12,"column":4},"end":{"line":15,"column":5}},"type":"if","locations":[{"start":{"line":12,"column":4},"end":{"line":15,"column":5}},{"start":{},"end":{}}],"line":12},"1":{"loc":{"start":{"line":52,"column":8},"end":{"line":55,"column":9}},"type":"if","locations":[{"start":{"line":52,"column":8},"end":{"line":55,"column":9}},{"start":{},"end":{}}],"line":52},"2":{"loc":{"start":{"line":78,"column":4},"end":{"line":81,"column":5}},"type":"if","locations":[{"start":{"line":78,"column":4},"end":{"line":81,"column":5}},{"start":{},"end":{}}],"line":78},"3":{"loc":{"start":{"line":86,"column":8},"end":{"line":89,"column":9}},"type":"if","locations":[{"start":{"line":86,"column":8},"end":{"line":89,"column":9}},{"start":{},"end":{}}],"line":86},"4":{"loc":{"start":{"line":106,"column":4},"end":{"line":109,"column":5}},"type":"if","locations":[{"start":{"line":106,"column":4},"end":{"line":109,"column":5}},{"start":{},"end":{}}],"line":106}},"s":{"0":1,"1":1,"2":1,"3":3,"4":3,"5":2,"6":2,"7":1,"8":1,"9":1,"10":0,"11":1,"12":1,"13":2,"14":2,"15":1,"16":1,"17":1,"18":3,"19":3,"20":3,"21":2,"22":1,"23":1,"24":1,"25":1,"26":1,"27":3,"28":3,"29":3,"30":3,"31":0,"32":0,"33":3,"34":3,"35":2,"36":1,"37":1,"38":1,"39":1,"40":1,"41":3,"42":3,"43":3,"44":1,"45":1,"46":2,"47":2,"48":1,"49":1,"50":1},"f":{"0":3,"1":2,"2":3,"3":3,"4":3},"b":{"0":[2,1],"1":[1,1],"2":[0,3],"3":[1,1],"4":[1,2]},"_coverageSchema":"1a1c01bbd47fc00a2c39e90264f33305004495a9","hash":"12a49e0f289badeeaf80854d2b0489653e15c517"}
}
