TN:
SF:models/Person.js
FNF:0
FNH:0
DA:1,1
DA:3,1
DA:9,1
LF:3
LH:3
BRF:0
BRH:0
end_of_record
TN:
SF:routes/personRoutes.js
FN:7,(anonymous_0)
FN:34,(anonymous_1)
FN:44,(anonymous_2)
FN:67,(anonymous_3)
FN:100,(anonymous_4)
FNF:5
FNH:5
FNDA:3,(anonymous_0)
FNDA:2,(anonymous_1)
FNDA:3,(anonymous_2)
FNDA:3,(anonymous_3)
FNDA:3,(anonymous_4)
DA:1,1
DA:3,1
DA:7,1
DA:10,3
DA:12,3
DA:13,2
DA:14,2
DA:17,1
DA:23,1
DA:25,1
DA:26,0
DA:28,1
DA:34,1
DA:35,2
DA:36,2
DA:37,1
DA:40,1
DA:44,1
DA:47,3
DA:49,3
DA:50,3
DA:52,2
DA:53,1
DA:54,1
DA:57,1
DA:60,1
DA:67,1
DA:68,3
DA:70,3
DA:72,3
DA:78,3
DA:79,0
DA:80,0
DA:83,3
DA:84,3
DA:86,2
DA:87,1
DA:88,1
DA:91,1
DA:94,1
DA:100,1
DA:102,3
DA:104,3
DA:106,3
DA:107,1
DA:108,1
DA:111,2
DA:113,2
DA:114,1
DA:117,1
DA:122,1
LF:51
LH:48
BRDA:12,0,0,2
BRDA:12,0,1,1
BRDA:52,1,0,1
BRDA:52,1,1,1
BRDA:78,2,0,0
BRDA:78,2,1,3
BRDA:86,3,0,1
BRDA:86,3,1,1
BRDA:106,4,0,1
BRDA:106,4,1,2
BRF:10
BRH:9
end_of_record
